<?xml version="1.0" encoding="UTF-8"?>
<testsuite name="reservation.customerTest" tests="1" skipped="0" failures="0" errors="0" timestamp="2021-11-04T16:45:42" hostname="S402852" time="0.045">
  <properties/>
  <testcase name="customerCreate()" classname="reservation.customerTest" time="0.045"/>
  <system-out><![CDATA[]]></system-out>
  <system-err><![CDATA[]]></system-err>
</testsuite>
